<?xml version="1.0" encoding="UTF-8"?>
<testng-results skipped="0" failed="0" total="1" passed="1">
  <reporter-output>
  </reporter-output>
  <suite name="Default suite" duration-ms="558" started-at="2016-01-10T07:40:23Z" finished-at="2016-01-10T07:40:23Z">
    <groups>
    </groups>
    <test name="Default test" duration-ms="558" started-at="2016-01-10T07:40:23Z" finished-at="2016-01-10T07:40:23Z">
      <class name="com.test.sample.Runner">
        <test-method status="PASS" signature="testReports()[pri:0, instance:com.test.sample.Runner@282ba1e]" name="testReports" duration-ms="548" started-at="2016-01-10T13:10:23Z" finished-at="2016-01-10T13:10:23Z">
          <reporter-output>
          </reporter-output>
        </test-method> <!-- testReports -->
      </class> <!-- com.test.sample.Runner -->
    </test> <!-- Default test -->
  </suite> <!-- Default suite -->
</testng-results>
